#
# There is insufficient memory for the Java Runtime Environment to continue.
# Native memory allocation (malloc) failed to allocate 32744 bytes for ChunkPool::allocate
# Possible reasons:
#   The system is out of physical RAM or swap space
#   In 32 bit mode, the process size limit was hit
# Possible solutions:
#   Reduce memory load on the system
#   Increase physical memory or swap space
#   Check if swap backing store is full
#   Use 64 bit Java on a 64 bit OS
#   Decrease Java heap size (-Xmx/-Xms)
#   Decrease number of Java threads
#   Decrease Java thread stack sizes (-Xss)
#   Set larger code cache with -XX:ReservedCodeCacheSize=
# This output file may be truncated or incomplete.
#
#  Out of Memory Error (allocation.cpp:273), pid=10660, tid=0x0000000000000dfc
#
# JRE version: Java(TM) SE Runtime Environment (8.0_161-b12) (build 1.8.0_161-b12)
# Java VM: Java HotSpot(TM) 64-Bit Server VM (25.161-b12 mixed mode windows-amd64 compressed oops)
# Failed to write core dump. Minidumps are not enabled by default on client versions of Windows
#

---------------  T H R E A D  ---------------

Current thread (0x0000000017361000):  JavaThread "C1 CompilerThread2" daemon [_thread_in_native, id=3580, stack(0x0000000017b50000,0x0000000017c50000)]

Stack: [0x0000000017b50000,0x0000000017c50000]
[error occurred during error reporting (printing stack bounds), id 0xc0000005]

Native frames: (J=compiled Java code, j=interpreted, Vv=VM code, C=native code)


Current CompileTask:
C1:  37572 1134       3       org.objectweb.asm.Type::a (87 bytes)


---------------  P R O C E S S  ---------------

Java Threads: ( => current thread )
  0x0000000019fe1800 JavaThread "pool-1-thread-1" [_thread_in_vm, id=30792, stack(0x0000000018730000,0x0000000018830000)]
  0x00000000173df800 JavaThread "Service Thread" daemon [_thread_blocked, id=23928, stack(0x0000000017c50000,0x0000000017d50000)]
=>0x0000000017361000 JavaThread "C1 CompilerThread2" daemon [_thread_in_native, id=3580, stack(0x0000000017b50000,0x0000000017c50000)]
  0x000000001735b800 JavaThread "C2 CompilerThread1" daemon [_thread_in_native, id=24512, stack(0x0000000017a50000,0x0000000017b50000)]
  0x0000000015fdf800 JavaThread "C2 CompilerThread0" daemon [_thread_blocked, id=33140, stack(0x0000000017950000,0x0000000017a50000)]
  0x0000000015fc9000 JavaThread "Attach Listener" daemon [_thread_blocked, id=23728, stack(0x0000000017850000,0x0000000017950000)]
  0x0000000017358800 JavaThread "Signal Dispatcher" daemon [_thread_blocked, id=23960, stack(0x0000000017750000,0x0000000017850000)]
  0x000000000279b800 JavaThread "Finalizer" daemon [_thread_blocked, id=26912, stack(0x0000000017240000,0x0000000017340000)]
  0x0000000002792000 JavaThread "Reference Handler" daemon [_thread_blocked, id=27052, stack(0x0000000017140000,0x0000000017240000)]
  0x00000000026a2800 JavaThread "main" [_thread_in_vm, id=29232, stack(0x00000000025a0000,0x00000000026a0000)]

Other Threads:
  0x0000000015f98000 VMThread [stack: 0x0000000017040000,0x0000000017140000] [id=17232]
  0x00000000173ea800 WatcherThread [stack: 0x0000000017d50000,0x0000000017e50000] [id=23992]

VM state:not at safepoint (normal execution)

VM Mutex/Monitor currently owned by a thread: None

Heap:
 PSYoungGen      total 28160K, used 19702K [0x00000000e0b80000, 0x00000000e2a80000, 0x0000000100000000)
  eden space 24576K, 65% used [0x00000000e0b80000,0x00000000e1b432f8,0x00000000e2380000)
  from space 3584K, 99% used [0x00000000e2380000,0x00000000e26fa630,0x00000000e2700000)
  to   space 3584K, 0% used [0x00000000e2700000,0x00000000e2700000,0x00000000e2a80000)
 ParOldGen       total 64512K, used 4566K [0x00000000a2200000, 0x00000000a6100000, 0x00000000e0b80000)
  object space 64512K, 7% used [0x00000000a2200000,0x00000000a2675ab0,0x00000000a6100000)
 Metaspace       used 16226K, capacity 16452K, committed 16640K, reserved 1062912K
  class space    used 2205K, capacity 2284K, committed 2304K, reserved 1048576K

Card table byte_map: [0x0000000011b60000,0x0000000011e50000] byte_map_base: 0x000000001164f000

Marking Bits: (ParMarkBitMap*) 0x000000007776f860
 Begin Bits: [0x0000000012450000, 0x0000000013bc8000)
 End Bits:   [0x0000000013bc8000, 0x0000000015340000)

Polling page: 0x00000000001a0000

CodeCache: size=245760Kb used=4150Kb max_used=4150Kb free=241609Kb
 bounds [0x00000000027a0000, 0x0000000002bc0000, 0x00000000117a0000]
 total_blobs=1492 nmethods=1130 adapters=275
 compilation: enabled

Compilation events (10 events):
Event: 37.021 Thread 0x0000000017361000 nmethod 1129 0x0000000002babd10 code [0x0000000002babf00, 0x0000000002bac708]
Event: 37.029 Thread 0x0000000017361000 1130       3       java.util.regex.Matcher::search (109 bytes)
Event: 37.030 Thread 0x0000000017361000 nmethod 1130 0x0000000002bab610 code [0x0000000002bab7a0, 0x0000000002babba8]
Event: 37.030 Thread 0x0000000017361000 1131       3       org.objectweb.asm.ByteVector::putByte (39 bytes)
Event: 37.030 Thread 0x0000000017361000 nmethod 1131 0x0000000002bab150 code [0x0000000002bab2c0, 0x0000000002bab4e8]
Event: 37.046 Thread 0x0000000017361000 1132       3       org.objectweb.asm.ClassWriter::b (152 bytes)
Event: 37.047 Thread 0x0000000017361000 nmethod 1132 0x0000000002bb0d50 code [0x0000000002bb0f20, 0x0000000002bb1650]
Event: 37.050 Thread 0x0000000017361000 1133       3       org.objectweb.asm.Type::getInternalName (20 bytes)
Event: 37.051 Thread 0x0000000017361000 nmethod 1133 0x0000000002baad10 code [0x0000000002baae80, 0x0000000002bab088]
Event: 37.052 Thread 0x0000000017361000 1134       3       org.objectweb.asm.Type::a (87 bytes)

GC Heap History (6 events):
Event: 12.664 GC heap before
{Heap before GC invocations=1 (full 0):
 PSYoungGen      total 28160K, used 24576K [0x00000000e0b80000, 0x00000000e2a80000, 0x0000000100000000)
  eden space 24576K, 100% used [0x00000000e0b80000,0x00000000e2380000,0x00000000e2380000)
  from space 3584K, 0% used [0x00000000e2700000,0x00000000e2700000,0x00000000e2a80000)
  to   space 3584K, 0% used [0x00000000e2380000,0x00000000e2380000,0x00000000e2700000)
 ParOldGen       total 64512K, used 0K [0x00000000a2200000, 0x00000000a6100000, 0x00000000e0b80000)
  object space 64512K, 0% used [0x00000000a2200000,0x00000000a2200000,0x00000000a6100000)
 Metaspace       used 8664K, capacity 8876K, committed 9216K, reserved 1056768K
  class space    used 1125K, capacity 1188K, committed 1280K, reserved 1048576K
Event: 12.697 GC heap after
Heap after GC invocations=1 (full 0):
 PSYoungGen      total 28160K, used 3564K [0x00000000e0b80000, 0x00000000e2a80000, 0x0000000100000000)
  eden space 24576K, 0% used [0x00000000e0b80000,0x00000000e0b80000,0x00000000e2380000)
  from space 3584K, 99% used [0x00000000e2380000,0x00000000e26fb228,0x00000000e2700000)
  to   space 3584K, 0% used [0x00000000e2700000,0x00000000e2700000,0x00000000e2a80000)
 ParOldGen       total 64512K, used 1353K [0x00000000a2200000, 0x00000000a6100000, 0x00000000e0b80000)
  object space 64512K, 2% used [0x00000000a2200000,0x00000000a2352450,0x00000000a6100000)
 Metaspace       used 8664K, capacity 8876K, committed 9216K, reserved 1056768K
  class space    used 1125K, capacity 1188K, committed 1280K, reserved 1048576K
}
Event: 33.709 GC heap before
{Heap before GC invocations=2 (full 0):
 PSYoungGen      total 28160K, used 28140K [0x00000000e0b80000, 0x00000000e2a80000, 0x0000000100000000)
  eden space 24576K, 100% used [0x00000000e0b80000,0x00000000e2380000,0x00000000e2380000)
  from space 3584K, 99% used [0x00000000e2380000,0x00000000e26fb228,0x00000000e2700000)
  to   space 3584K, 0% used [0x00000000e2700000,0x00000000e2700000,0x00000000e2a80000)
 ParOldGen       total 64512K, used 1353K [0x00000000a2200000, 0x00000000a6100000, 0x00000000e0b80000)
  object space 64512K, 2% used [0x00000000a2200000,0x00000000a2352450,0x00000000a6100000)
 Metaspace       used 9375K, capacity 9668K, committed 9856K, reserved 1058816K
  class space    used 1250K, capacity 1324K, committed 1408K, reserved 1048576K
Event: 33.745 GC heap after
Heap after GC invocations=2 (full 0):
 PSYoungGen      total 28160K, used 3554K [0x00000000e0b80000, 0x00000000e2a80000, 0x0000000100000000)
  eden space 24576K, 0% used [0x00000000e0b80000,0x00000000e0b80000,0x00000000e2380000)
  from space 3584K, 99% used [0x00000000e2700000,0x00000000e2a78990,0x00000000e2a80000)
  to   space 3584K, 0% used [0x00000000e2380000,0x00000000e2380000,0x00000000e2700000)
 ParOldGen       total 64512K, used 1484K [0x00000000a2200000, 0x00000000a6100000, 0x00000000e0b80000)
  object space 64512K, 2% used [0x00000000a2200000,0x00000000a23732a8,0x00000000a6100000)
 Metaspace       used 9375K, capacity 9668K, committed 9856K, reserved 1058816K
  class space    used 1250K, capacity 1324K, committed 1408K, reserved 1048576K
}
Event: 35.567 GC heap before
{Heap before GC invocations=3 (full 0):
 PSYoungGen      total 28160K, used 28130K [0x00000000e0b80000, 0x00000000e2a80000, 0x0000000100000000)
  eden space 24576K, 100% used [0x00000000e0b80000,0x00000000e2380000,0x00000000e2380000)
  from space 3584K, 99% used [0x00000000e2700000,0x00000000e2a78990,0x00000000e2a80000)
  to   space 3584K, 0% used [0x00000000e2380000,0x00000000e2380000,0x00000000e2700000)
 ParOldGen       total 64512K, used 1484K [0x00000000a2200000, 0x00000000a6100000, 0x00000000e0b80000)
  object space 64512K, 2% used [0x00000000a2200000,0x00000000a23732a8,0x00000000a6100000)
 Metaspace       used 13275K, capacity 13508K, committed 13696K, reserved 1060864K
  class space    used 1746K, capacity 1836K, committed 1920K, reserved 1048576K
Event: 35.585 GC heap after
Heap after GC invocations=3 (full 0):
 PSYoungGen      total 28160K, used 3561K [0x00000000e0b80000, 0x00000000e2a80000, 0x0000000100000000)
  eden space 24576K, 0% used [0x00000000e0b80000,0x00000000e0b80000,0x00000000e2380000)
  from space 3584K, 99% used [0x00000000e2380000,0x00000000e26fa630,0x00000000e2700000)
  to   space 3584K, 0% used [0x00000000e2700000,0x00000000e2700000,0x00000000e2a80000)
 ParOldGen       total 64512K, used 4566K [0x00000000a2200000, 0x00000000a6100000, 0x00000000e0b80000)
  object space 64512K, 7% used [0x00000000a2200000,0x00000000a2675ab0,0x00000000a6100000)
 Metaspace       used 13275K, capacity 13508K, committed 13696K, reserved 1060864K
  class space    used 1746K, capacity 1836K, committed 1920K, reserved 1048576K
}

Deoptimization events (10 events):
Event: 34.711 Thread 0x00000000026a2800 Uncommon trap: reason=bimorphic action=maybe_recompile pc=0x0000000002a6a34c method=java.util.HashMap.putVal(ILjava/lang/Object;Ljava/lang/Object;ZZ)Ljava/lang/Object; @ 203
Event: 34.712 Thread 0x00000000026a2800 Uncommon trap: reason=bimorphic action=maybe_recompile pc=0x0000000002a6a34c method=java.util.HashMap.putVal(ILjava/lang/Object;Ljava/lang/Object;ZZ)Ljava/lang/Object; @ 203
Event: 34.712 Thread 0x00000000026a2800 Uncommon trap: reason=bimorphic action=maybe_recompile pc=0x0000000002a6a34c method=java.util.HashMap.putVal(ILjava/lang/Object;Ljava/lang/Object;ZZ)Ljava/lang/Object; @ 203
Event: 35.994 Thread 0x00000000026a2800 Uncommon trap: reason=bimorphic action=maybe_recompile pc=0x0000000002a3ac0c method=java.util.HashMap.putVal(ILjava/lang/Object;Ljava/lang/Object;ZZ)Ljava/lang/Object; @ 203
Event: 35.995 Thread 0x00000000026a2800 Uncommon trap: reason=bimorphic action=maybe_recompile pc=0x0000000002a379d8 method=java.util.HashMap.putVal(ILjava/lang/Object;Ljava/lang/Object;ZZ)Ljava/lang/Object; @ 203
Event: 36.742 Thread 0x00000000026a2800 Uncommon trap: reason=class_check action=maybe_recompile pc=0x0000000002b96534 method=org.gradle.internal.service.DefaultServiceRegistry$SingletonService.getService(Lorg/gradle/internal/service/DefaultServiceRegistry$LookupContext;Lorg/gradle/internal/ser
Event: 36.743 Thread 0x00000000026a2800 Uncommon trap: reason=class_check action=maybe_recompile pc=0x0000000002b96534 method=org.gradle.internal.service.DefaultServiceRegistry$SingletonService.getService(Lorg/gradle/internal/service/DefaultServiceRegistry$LookupContext;Lorg/gradle/internal/ser
Event: 36.743 Thread 0x00000000026a2800 Uncommon trap: reason=class_check action=maybe_recompile pc=0x0000000002b96534 method=org.gradle.internal.service.DefaultServiceRegistry$SingletonService.getService(Lorg/gradle/internal/service/DefaultServiceRegistry$LookupContext;Lorg/gradle/internal/ser
Event: 36.743 Thread 0x00000000026a2800 Uncommon trap: reason=class_check action=maybe_recompile pc=0x0000000002b96534 method=org.gradle.internal.service.DefaultServiceRegistry$SingletonService.getService(Lorg/gradle/internal/service/DefaultServiceRegistry$LookupContext;Lorg/gradle/internal/ser
Event: 37.015 Thread 0x00000000026a2800 Uncommon trap: reason=bimorphic action=maybe_recompile pc=0x0000000002a6a34c method=java.util.HashMap.putVal(ILjava/lang/Object;Ljava/lang/Object;ZZ)Ljava/lang/Object; @ 203

Classes redefined (0 events):
No events

Internal exceptions (10 events):
Event: 35.972 Thread 0x00000000026a2800 Exception <a 'java/lang/ClassNotFoundException': groovy/lang/ExpandoMetaClassBeanInfo> (0x00000000e0dc0e48) thrown at [C:\re\workspace\8-2-build-windows-amd64-cygwin\jdk8u161\10277\hotspot\src\share\vm\classfile\systemDictionary.cpp, line 210]
Event: 35.972 Thread 0x00000000026a2800 Exception <a 'java/lang/ClassNotFoundException': groovy/lang/MetaClassImplBeanInfo> (0x00000000e0dcbe20) thrown at [C:\re\workspace\8-2-build-windows-amd64-cygwin\jdk8u161\10277\hotspot\src\share\vm\classfile\systemDictionary.cpp, line 210]
Event: 35.972 Thread 0x00000000026a2800 Exception <a 'java/lang/ClassNotFoundException': java/lang/ObjectBeanInfo> (0x00000000e0dd0f18) thrown at [C:\re\workspace\8-2-build-windows-amd64-cygwin\jdk8u161\10277\hotspot\src\share\vm\classfile\systemDictionary.cpp, line 210]
Event: 35.975 Thread 0x00000000026a2800 Exception <a 'java/lang/ClassNotFoundException': java/lang/ObjectCustomizer> (0x00000000e0dd6158) thrown at [C:\re\workspace\8-2-build-windows-amd64-cygwin\jdk8u161\10277\hotspot\src\share\vm\classfile\systemDictionary.cpp, line 210]
Event: 35.983 Thread 0x00000000026a2800 Exception <a 'java/lang/ClassNotFoundException': groovy/lang/MetaClassImplCustomizer> (0x00000000e0de8eb8) thrown at [C:\re\workspace\8-2-build-windows-amd64-cygwin\jdk8u161\10277\hotspot\src\share\vm\classfile\systemDictionary.cpp, line 210]
Event: 35.990 Thread 0x00000000026a2800 Exception <a 'java/lang/ClassNotFoundException': groovy/lang/ExpandoMetaClassCustomizer> (0x00000000e0e1cd70) thrown at [C:\re\workspace\8-2-build-windows-amd64-cygwin\jdk8u161\10277\hotspot\src\share\vm\classfile\systemDictionary.cpp, line 210]
Event: 36.015 Thread 0x00000000026a2800 Exception <a 'java/lang/ClassNotFoundException': org/gradle/api/internal/plugins/DefaultExtraPropertiesExtensionBeanInfo> (0x00000000e0e9ea30) thrown at [C:\re\workspace\8-2-build-windows-amd64-cygwin\jdk8u161\10277\hotspot\src\share\vm\classfile\systemDi
Event: 36.018 Thread 0x00000000026a2800 Exception <a 'java/lang/ClassNotFoundException': groovy/lang/GroovyObjectSupportBeanInfo> (0x00000000e0eaabf8) thrown at [C:\re\workspace\8-2-build-windows-amd64-cygwin\jdk8u161\10277\hotspot\src\share\vm\classfile\systemDictionary.cpp, line 210]
Event: 36.018 Thread 0x00000000026a2800 Exception <a 'java/lang/ClassNotFoundException': groovy/lang/GroovyObjectSupportCustomizer> (0x00000000e0eb7158) thrown at [C:\re\workspace\8-2-build-windows-amd64-cygwin\jdk8u161\10277\hotspot\src\share\vm\classfile\systemDictionary.cpp, line 210]
Event: 36.020 Thread 0x00000000026a2800 Exception <a 'java/lang/ClassNotFoundException': org/gradle/api/internal/plugins/DefaultExtraPropertiesExtensionCustomizer> (0x00000000e0ecdb08) thrown at [C:\re\workspace\8-2-build-windows-amd64-cygwin\jdk8u161\10277\hotspot\src\share\vm\classfile\system

Events (10 events):
Event: 37.002 loading class org/gradle/initialization/BaseSettings done
Event: 37.010 loading class org/gradle/api/initialization/ProjectDescriptor
Event: 37.010 loading class org/gradle/api/initialization/ProjectDescriptor done
Event: 37.011 loading class org/gradle/initialization/DefaultProjectDescriptor
Event: 37.011 loading class org/gradle/initialization/DefaultProjectDescriptor done
Event: 37.012 loading class org/gradle/initialization/ProjectDescriptorRegistry
Event: 37.012 loading class org/gradle/initialization/ProjectDescriptorRegistry done
Event: 37.015 Thread 0x00000000026a2800 Uncommon trap: trap_request=0xffffffc6 fr.pc=0x0000000002a6a34c
Event: 37.016 Thread 0x00000000026a2800 DEOPT PACKING pc=0x0000000002a6a34c sp=0x000000000269ca20
Event: 37.016 Thread 0x00000000026a2800 DEOPT UNPACKING pc=0x00000000027e583b sp=0x000000000269c8f0 mode 2


Dynamic libraries:
0x00007ff6a2be0000 - 0x00007ff6a2c17000 	C:\Program Files\Java\jdk1.8.0_161\bin\java.exe
0x00007ff87e740000 - 0x00007ff87e92d000 	C:\WINDOWS\SYSTEM32\ntdll.dll
0x00007ff87e080000 - 0x00007ff87e133000 	C:\WINDOWS\System32\KERNEL32.DLL
0x00007ff87b650000 - 0x00007ff87b8e3000 	C:\WINDOWS\System32\KERNELBASE.dll
0x00007ff87ddd0000 - 0x00007ff87de73000 	C:\WINDOWS\System32\ADVAPI32.dll
0x00007ff87e240000 - 0x00007ff87e2de000 	C:\WINDOWS\System32\msvcrt.dll
0x00007ff87e2e0000 - 0x00007ff87e37e000 	C:\WINDOWS\System32\sechost.dll
0x00007ff87ba20000 - 0x00007ff87bb42000 	C:\WINDOWS\System32\RPCRT4.dll
0x00007ff87bf60000 - 0x00007ff87c0f7000 	C:\WINDOWS\System32\USER32.dll
0x00007ff87b370000 - 0x00007ff87b390000 	C:\WINDOWS\System32\win32u.dll
0x00007ff87c100000 - 0x00007ff87c129000 	C:\WINDOWS\System32\GDI32.dll
0x00007ff87a8d0000 - 0x00007ff87aa6a000 	C:\WINDOWS\System32\gdi32full.dll
0x00007ff87a810000 - 0x00007ff87a8b0000 	C:\WINDOWS\System32\msvcp_win.dll
0x00007ff87aa70000 - 0x00007ff87ab6c000 	C:\WINDOWS\System32\ucrtbase.dll
0x00007ff86c2f0000 - 0x00007ff86c569000 	C:\WINDOWS\WinSxS\amd64_microsoft.windows.common-controls_6595b64144ccf1df_6.0.17763.194_none_05b3366207211c42\COMCTL32.dll
0x00007ff87e380000 - 0x00007ff87e6ad000 	C:\WINDOWS\System32\combase.dll
0x00007ff87b8f0000 - 0x00007ff87b96e000 	C:\WINDOWS\System32\bcryptPrimitives.dll
0x00007ff87e140000 - 0x00007ff87e16e000 	C:\WINDOWS\System32\IMM32.DLL
0x0000000050330000 - 0x0000000050402000 	C:\Program Files\Java\jdk1.8.0_161\jre\bin\msvcr100.dll
0x0000000076f50000 - 0x00000000777ef000 	C:\Program Files\Java\jdk1.8.0_161\jre\bin\server\jvm.dll
0x00007ff87e230000 - 0x00007ff87e238000 	C:\WINDOWS\System32\PSAPI.DLL
0x00007ff875ea0000 - 0x00007ff875ea9000 	C:\WINDOWS\SYSTEM32\WSOCK32.dll
0x00007ff876990000 - 0x00007ff87699a000 	C:\WINDOWS\SYSTEM32\VERSION.dll
0x00007ff878700000 - 0x00007ff878724000 	C:\WINDOWS\SYSTEM32\WINMM.dll
0x00007ff87dff0000 - 0x00007ff87e05d000 	C:\WINDOWS\System32\WS2_32.dll
0x00007ff878190000 - 0x00007ff8781bd000 	C:\WINDOWS\SYSTEM32\WINMMBASE.dll
0x00007ff87b600000 - 0x00007ff87b64a000 	C:\WINDOWS\System32\cfgmgr32.dll
0x0000000050320000 - 0x000000005032f000 	C:\Program Files\Java\jdk1.8.0_161\jre\bin\verify.dll
0x00000000502f0000 - 0x0000000050319000 	C:\Program Files\Java\jdk1.8.0_161\jre\bin\java.dll
0x00000000502d0000 - 0x00000000502e6000 	C:\Program Files\Java\jdk1.8.0_161\jre\bin\zip.dll
0x00007ff87c680000 - 0x00007ff87db6f000 	C:\WINDOWS\System32\SHELL32.dll
0x00007ff87dd20000 - 0x00007ff87ddc8000 	C:\WINDOWS\System32\shcore.dll
0x00007ff87ac20000 - 0x00007ff87b36a000 	C:\WINDOWS\System32\windows.storage.dll
0x00007ff87a7e0000 - 0x00007ff87a804000 	C:\WINDOWS\System32\profapi.dll
0x00007ff87a760000 - 0x00007ff87a7bd000 	C:\WINDOWS\System32\powrprof.dll
0x00007ff87e6b0000 - 0x00007ff87e702000 	C:\WINDOWS\System32\shlwapi.dll
0x00007ff87a740000 - 0x00007ff87a751000 	C:\WINDOWS\System32\kernel.appcore.dll
0x00007ff87a8b0000 - 0x00007ff87a8c7000 	C:\WINDOWS\System32\cryptsp.dll
0x00000000502b0000 - 0x00000000502ca000 	C:\Program Files\Java\jdk1.8.0_161\jre\bin\net.dll
0x00007ff879fd0000 - 0x00007ff87a037000 	C:\WINDOWS\system32\mswsock.dll
0x0000000050290000 - 0x00000000502a1000 	C:\Program Files\Java\jdk1.8.0_161\jre\bin\nio.dll
0x00007ff86e8f0000 - 0x00007ff86e902000 	C:\Users\user\.gradle\native\19\windows-amd64\native-platform.dll
0x0000000180000000 - 0x0000000180037000 	C:\Users\user\.gradle\native\jna\win32-amd64\jnidispatch.dll
0x00007ff879b90000 - 0x00007ff879bc3000 	C:\WINDOWS\system32\rsaenh.dll
0x00007ff87b390000 - 0x00007ff87b3b6000 	C:\WINDOWS\System32\bcrypt.dll
0x00007ff87a640000 - 0x00007ff87a668000 	C:\WINDOWS\SYSTEM32\USERENV.dll
0x00007ff87a1a0000 - 0x00007ff87a1ac000 	C:\WINDOWS\SYSTEM32\CRYPTBASE.dll
0x00007ff879d30000 - 0x00007ff879d6d000 	C:\WINDOWS\SYSTEM32\IPHLPAPI.DLL
0x00007ff87e060000 - 0x00007ff87e068000 	C:\WINDOWS\System32\NSI.dll
0x00007ff8720d0000 - 0x00007ff8720e6000 	C:\WINDOWS\SYSTEM32\dhcpcsvc6.DLL
0x00007ff871de0000 - 0x00007ff871dfc000 	C:\WINDOWS\SYSTEM32\dhcpcsvc.DLL
0x00007ff879d70000 - 0x00007ff879e36000 	C:\WINDOWS\SYSTEM32\DNSAPI.dll
0x0000000050000000 - 0x000000005000d000 	C:\Program Files\Java\jdk1.8.0_161\jre\bin\management.dll

VM Arguments:
jvm_args: -Dorg.gradle.appname=gradlew 
java_command: org.gradle.wrapper.GradleWrapperMain build
java_class_path (initial): D:\Story Workspace\storycraft-mcpc\story-plugin\\gradle\wrapper\gradle-wrapper.jar
Launcher Type: SUN_STANDARD

Environment Variables:
JAVA_HOME=C:\Program Files\Java\jdk1.8.0_161
CLASSPATH=D:\Story Workspace\storycraft-mcpc\story-plugin\\gradle\wrapper\gradle-wrapper.jar
PATH=C:\Program Files (x86)\Common Files\Intel\Shared Libraries\redist\intel64\compiler;C:\WINDOWS\system32;C:\WINDOWS;C:\WINDOWS\System32\Wbem;C:\WINDOWS\System32\WindowsPowerShell\v1.0\;G:\nodejs;C:\Program Files\Java\jdk1.8.0_161\bin\;C:\Program Files (x86)\Windows Live\Shared;C:\Program Files\dotnet\;G:\Yarn\bin;C:\Program Files\Git\cmd;C:\Users\user\nodejs\;C:\Program Files\Microsoft SQL Server\130\Tools\Binn\;C:\Program Files\CMake\bin;C:\Python27;C:\MinGW\bin;C:\Program Files (x86)\Google\Cloud SDK\google-cloud-sdk\bin;;C:\WINDOWS\System32\OpenSSH\;C:\Program Files\Mercurial\;C:\Program Files (x86)\NVIDIA Corporation\PhysX\Common;%SystemRoot%\system32;%SystemRoot%;%SystemRoot%\System32\Wbem;%SYSTEMROOT%\System32\WindowsPowerShell\v1.0\;%SYSTEMROOT%\System32\OpenSSH\;C:\Users\user\AppData\Local\Microsoft\WindowsApps;G:\Microsoft VS Code\bin;G:\atom\bin;C:\Users\user\AppData\Local\Yarn\bin;C:\Users\user\AppData\Roaming\npm;C:\Program Files\Java\jdk1.8.0_161\bin;;C:\Program Files\Microsoft VS Code\bin;C:\Users\user\AppData\Local\Microsoft\WindowsApps;C:\wxWidgets-3.0.1\lib\gcc_dll;D:\Microsoft VS Code\bin;C:\Microsoft VS Code\bin
USERNAME=user
OS=Windows_NT
PROCESSOR_IDENTIFIER=Intel64 Family 6 Model 37 Stepping 2, GenuineIntel



---------------  S Y S T E M  ---------------

OS: Windows 10.0 , 64 bit Build 17763 (10.0.17763.1)

CPU:total 4 (initial active 4) (2 cores per cpu, 2 threads per core) family 6 model 37 stepping 2, cmov, cx8, fxsr, mmx, sse, sse2, sse3, ssse3, sse4.1, sse4.2, popcnt, ht, tsc, tscinvbit

Memory: 4k page, physical 6151280k(95216k free), swap 7836784k(3136k free)

vm_info: Java HotSpot(TM) 64-Bit Server VM (25.161-b12) for windows-amd64 JRE (1.8.0_161-b12), built on Dec 19 2017 17:52:25 by "java_re" with MS VC++ 10.0 (VS2010)

time: Tue Dec 18 17:58:41 2018
elapsed time: 37 seconds (0d 0h 0m 37s)

